TN:
SF:src\modules\appointments\services\CreateAppointmentService.ts
FN:14,(anonymous_18)
FN:15,CreateAppointmentService
FN:20,(anonymous_20)
FNF:3
FNH:3
FNDA:1,(anonymous_18)
FNDA:2,CreateAppointmentService
FNDA:3,(anonymous_20)
DA:1,1
DA:2,1
DA:4,1
DA:14,1
DA:17,2
DA:20,3
DA:21,3
DA:23,3
DA:27,3
DA:28,1
DA:31,2
DA:36,2
DA:38,1
DA:39,1
LF:14
LH:14
BRDA:27,0,0,1
BRDA:27,0,1,2
BRF:2
BRH:2
end_of_record
TN:
SF:src\modules\users\services\AuthenticateUserService.ts
FN:19,(anonymous_18)
FN:20,AuthenticateUserService
FN:27,(anonymous_20)
FNF:3
FNH:3
FNDA:1,(anonymous_18)
FNDA:3,AuthenticateUserService
FNDA:3,(anonymous_20)
DA:1,1
DA:2,1
DA:3,1
DA:4,1
DA:19,1
DA:22,3
DA:24,3
DA:27,3
DA:28,3
DA:29,3
DA:30,1
DA:36,2
DA:41,2
DA:42,1
DA:45,1
DA:47,1
DA:53,1
DA:58,1
DA:60,1
LF:19
LH:19
BRDA:28,0,0,3
BRDA:29,1,0,1
BRDA:29,1,1,2
BRDA:41,2,0,1
BRDA:41,2,1,1
BRF:5
BRH:5
end_of_record
TN:
SF:src\modules\users\services\CreateUserService.ts
FN:13,(anonymous_18)
FN:14,CreateUserService
FN:21,(anonymous_20)
FNF:3
FNH:3
FNDA:2,(anonymous_18)
FNDA:5,CreateUserService
FNDA:5,(anonymous_20)
DA:1,2
DA:2,2
DA:13,2
DA:16,5
DA:18,5
DA:21,5
DA:22,5
DA:23,5
DA:24,1
DA:27,4
DA:29,4
DA:35,4
DA:37,2
DA:39,2
LF:14
LH:14
BRDA:22,0,0,5
BRDA:23,1,0,1
BRDA:23,1,1,4
BRF:3
BRH:3
end_of_record
TN:
SF:src\modules\users\services\ResetPasswordService.ts
FN:13,(anonymous_18)
FN:14,ResetPasswordService
FN:25,(anonymous_20)
FNF:3
FNH:3
FNDA:1,(anonymous_18)
FNDA:4,ResetPasswordService
FNDA:4,(anonymous_20)
DA:1,1
DA:2,1
DA:3,1
DA:13,1
DA:16,4
DA:19,4
DA:22,4
DA:25,4
DA:26,4
DA:27,4
DA:28,1
DA:30,3
DA:31,3
DA:32,1
DA:35,2
DA:37,2
DA:39,2
DA:40,1
DA:42,1
DA:43,2
DA:45,1
DA:47,1
LF:22
LH:22
BRDA:26,0,0,4
BRDA:27,1,0,1
BRDA:27,1,1,3
BRDA:31,2,0,1
BRDA:31,2,1,2
BRDA:39,3,0,1
BRDA:39,3,1,1
BRF:7
BRH:7
end_of_record
TN:
SF:src\modules\users\services\SendForgotPasswordEmailService.ts
FN:12,(anonymous_18)
FN:13,SendForgotPasswordEmailService
FN:24,(anonymous_20)
FNF:3
FNH:3
FNDA:1,(anonymous_18)
FNDA:3,SendForgotPasswordEmailService
FNDA:3,(anonymous_20)
DA:1,1
DA:2,1
DA:4,1
DA:12,1
DA:15,3
DA:18,3
DA:21,3
DA:24,3
DA:25,3
DA:27,3
DA:28,1
DA:30,2
DA:31,2
DA:38,4
DA:53,1
DA:55,1
LF:16
LH:16
BRDA:25,0,0,3
BRDA:27,1,0,1
BRDA:27,1,1,2
BRF:3
BRH:3
end_of_record
TN:
SF:src\modules\users\services\UpdateUserAvatarService.ts
FN:13,(anonymous_18)
FN:14,UpdateUserAvatarService
FN:21,(anonymous_20)
FNF:3
FNH:3
FNDA:1,(anonymous_18)
FNDA:3,UpdateUserAvatarService
FNDA:4,(anonymous_20)
DA:1,1
DA:2,1
DA:13,1
DA:16,3
DA:18,3
DA:21,4
DA:22,4
DA:24,4
DA:25,1
DA:28,5
DA:30,2
DA:33,3
DA:35,3
DA:37,6
DA:38,3
DA:40,1
DA:42,1
LF:17
LH:17
BRDA:22,0,0,4
BRDA:22,0,1,3
BRDA:24,1,0,1
BRDA:24,1,1,3
BRDA:28,2,0,2
BRDA:28,2,1,1
BRF:6
BRH:6
end_of_record
